TN:
SF:src/utils/cacheHelper.ts
FN:29,isCacheValid
FN:46,createCache
FN:59,getRemainingTTL
FNF:3
FNH:3
FNDA:8,isCacheValid
FNDA:8,createCache
FNDA:5,getRemainingTTL
DA:18,1
DA:29,1
DA:30,8
DA:31,1
DA:34,7
DA:35,7
DA:37,7
DA:46,1
DA:47,8
DA:59,1
DA:60,5
DA:61,1
DA:64,4
DA:65,4
DA:66,4
DA:68,4
LF:16
LH:16
BRDA:30,0,0,1
BRDA:60,1,0,1
BRDA:68,2,0,3
BRDA:68,2,1,1
BRF:4
BRH:4
end_of_record
TN:
SF:src/utils/errorMessages.ts
FN:166,getErrorMessage
FN:240,formatError
FN:250,isNetworkError
FN:271,isAuthError
FN:284,isPermissionError
FNF:5
FNH:5
FNDA:28,getErrorMessage
FNDA:2,formatError
FNDA:7,isNetworkError
FNDA:5,isAuthError
FNDA:7,isPermissionError
DA:14,1
DA:72,1
DA:138,1
DA:156,1
DA:166,1
DA:167,28
DA:168,3
DA:172,25
DA:173,19
DA:175,19
DA:177,11
DA:178,6
DA:182,5
DA:183,5
DA:187,0
DA:188,0
DA:193,8
DA:195,8
DA:196,2
DA:199,6
DA:200,1
DA:203,5
DA:204,2
DA:211,3
DA:212,2
DA:220,7
DA:221,4
DA:222,1
DA:224,3
DA:225,1
DA:227,2
DA:228,1
DA:232,4
DA:240,1
DA:241,2
DA:242,2
DA:250,1
DA:251,7
DA:252,5
DA:253,5
DA:255,5
DA:263,2
DA:271,1
DA:272,5
DA:273,3
DA:274,3
DA:276,2
DA:284,1
DA:285,7
DA:286,5
DA:287,5
DA:289,5
DA:296,2
LF:53
LH:51
BRDA:167,0,0,3
BRDA:172,1,0,19
BRDA:175,2,0,11
BRDA:177,3,0,6
BRDA:178,4,0,6
BRDA:178,4,1,0
BRDA:182,5,0,5
BRDA:187,6,0,0
BRDA:195,7,0,2
BRDA:195,8,0,8
BRDA:195,8,1,7
BRDA:199,9,0,1
BRDA:199,10,0,6
BRDA:199,10,1,6
BRDA:203,11,0,2
BRDA:203,12,0,5
BRDA:203,12,1,4
BRDA:211,13,0,2
BRDA:220,14,0,4
BRDA:221,15,0,1
BRDA:224,16,0,1
BRDA:227,17,0,1
BRDA:251,18,0,5
BRDA:256,19,0,5
BRDA:256,19,1,4
BRDA:256,19,2,3
BRDA:256,19,3,2
BRDA:256,19,4,2
BRDA:272,20,0,3
BRDA:274,21,0,3
BRDA:274,21,1,2
BRDA:285,22,0,5
BRDA:290,23,0,5
BRDA:290,23,1,4
BRDA:290,23,2,3
BRDA:290,23,3,2
BRF:36
BRH:34
end_of_record
